<?xml version="1.0" encoding="UTF-8"?>
<!-- Generated by org.testng.reporters.JUnitReportReporter -->
<testsuite hostname="Indu" failures="0" tests="1" name="com.test.scripts.SingleRepo" time="3.134" errors="0" timestamp="2023-11-30T21:48:28 CST" skipped="0">
  <testcase classname="com.test.scripts.SingleRepo" name="validateTestCase1" time="3.134"/>
</testsuite> <!-- com.test.scripts.SingleRepo -->
